#
# There is insufficient memory for the Java Runtime Environment to continue.
# Native memory allocation (mmap) failed to map 125829120 bytes for G1 virtual space
# Possible reasons:
#   The system is out of physical RAM or swap space
#   The process is running with CompressedOops enabled, and the Java Heap may be blocking the growth of the native heap
# Possible solutions:
#   Reduce memory load on the system
#   Increase physical memory or swap space
#   Check if swap backing store is full
#   Decrease Java heap size (-Xmx/-Xms)
#   Decrease number of Java threads
#   Decrease Java thread stack sizes (-Xss)
#   Set larger code cache with -XX:ReservedCodeCacheSize=
#   JVM is running with Unscaled Compressed Oops mode in which the Java heap is
#     placed in the first 4GB address space. The Java Heap base address is the
#     maximum limit for the native heap growth. Please use -XX:HeapBaseMinAddress
#     to set the Java Heap base and to place the Java Heap above 4GB virtual address.
# This output file may be truncated or incomplete.
#
#  Out of Memory Error (os_windows.cpp:3557), pid=12460, tid=12960
#
# JRE version:  (17.0.6+10) (build )
# Java VM: OpenJDK 64-Bit Server VM (17.0.6+10, mixed mode, emulated-client, sharing, tiered, compressed oops, compressed class ptrs, g1 gc, windows-amd64)
# No core dump will be written. Minidumps are not enabled by default on client versions of Windows
#

---------------  S U M M A R Y ------------

Command Line: -Dcom.sun.management.jmxremote -Dcom.sun.management.jmxremote.port=58979 -Dcom.sun.management.jmxremote.authenticate=false -Dcom.sun.management.jmxremote.ssl=false -Djava.rmi.server.hostname=localhost -Dspring.jmx.enabled=true -Dmanagement.endpoints.jmx.exposure.include=* -Dspring.application.admin.enabled=true -XX:TieredStopAtLevel=1 -Dspring.boot.project.name=MonPremier-3 -Dfile.encoding=UTF-8 -XX:+ShowCodeDetailsInExceptionMessages premier.example.projet.MonPremier3Application --spring.output.ansi.enabled=always

Host: AMD A9-9420e RADEON R5, 5 COMPUTE CORES 2C+3G  , 2 cores, 7G,  Windows 10 , 64 bit Build 19041 (10.0.19041.2546)
Time: Sat Mar  4 12:48:18 2023 Afr. centrale Ouest elapsed time: 0.057766 seconds (0d 0h 0m 0s)

---------------  T H R E A D  ---------------

Current thread (0x00000242a683e090):  JavaThread "Unknown thread" [_thread_in_vm, id=12960, stack(0x0000004e2f600000,0x0000004e2f700000)]

Stack: [0x0000004e2f600000,0x0000004e2f700000]
Native frames: (J=compiled Java code, j=interpreted, Vv=VM code, C=native code)
V  [jvm.dll+0x67741a]
V  [jvm.dll+0x834434]
V  [jvm.dll+0x835bde]
V  [jvm.dll+0x836243]
V  [jvm.dll+0x2457b5]
V  [jvm.dll+0x674329]
V  [jvm.dll+0x6689da]
V  [jvm.dll+0x30489b]
V  [jvm.dll+0x30bd96]
V  [jvm.dll+0x35b57e]
V  [jvm.dll+0x35b7af]
V  [jvm.dll+0x2db778]
V  [jvm.dll+0x2dc6e4]
V  [jvm.dll+0x806131]
V  [jvm.dll+0x369331]
V  [jvm.dll+0x7e56ac]
V  [jvm.dll+0x3eb35f]
V  [jvm.dll+0x3ecea1]
C  [jli.dll+0x5267]
C  [ucrtbase.dll+0x21bb2]
C  [KERNEL32.DLL+0x17614]
C  [ntdll.dll+0x526a1]


---------------  P R O C E S S  ---------------

Threads class SMR info:
_java_thread_list=0x00007ff8b4b65fd8, length=0, elements={
}

Java Threads: ( => current thread )

Other Threads:
  0x00000242a8a23ec0 GCTaskThread "GC Thread#0" [stack: 0x0000004e2f700000,0x0000004e2f800000] [id=13644]
  0x00000242a8a33c80 ConcurrentGCThread "G1 Main Marker" [stack: 0x0000004e2f800000,0x0000004e2f900000] [id=13856]
  0x00000242a8a36210 ConcurrentGCThread "G1 Conc#0" [stack: 0x0000004e2f900000,0x0000004e2fa00000] [id=7588]

[error occurred during error reporting (printing all threads), id 0xc0000005, EXCEPTION_ACCESS_VIOLATION (0xc0000005) at pc=0x00007ff8b433c1e7]

VM state: not at safepoint (not fully initialized)

VM Mutex/Monitor currently owned by a thread:  ([mutex/lock_event])
[0x00000242a683c5c0] Heap_lock - owner thread: 0x00000242a683e090

Heap address: 0x0000000088c00000, size: 1908 MB, Compressed Oops mode: 32-bit

CDS archive(s) mapped at: [0x0000000000000000-0x0000000000000000-0x0000000000000000), size 0, SharedBaseAddress: 0x0000000800000000, ArchiveRelocationMode: 0.
Narrow klass base: 0x0000000000000000, Narrow klass shift: 0, Narrow klass range: 0x0

GC Precious Log:
<Empty>

Heap:
 garbage-first heap   total 0K, used 0K [0x0000000088c00000, 0x0000000100000000)
  region size 1024K, 0 young (0K), 0 survivors (0K)

[error occurred during error reporting (printing heap information), id 0xc0000005, EXCEPTION_ACCESS_VIOLATION (0xc0000005) at pc=0x00007ff8b47206f9]

GC Heap History (0 events):
No events

Dll operation events (1 events):
Event: 0.040 Loaded shared library C:\Users\FIDELINE\Desktop\sts-4.17.2.RELEASE\plugins\org.eclipse.justj.openjdk.hotspot.jre.full.win32.x86_64_17.0.6.v20230125-1136\jre\bin\java.dll

Deoptimization events (0 events):
No events

Classes unloaded (0 events):
No events

Classes redefined (0 events):
No events

Internal exceptions (0 events):
No events

VM Operations (0 events):
No events

Events (0 events):
No events


Dynamic libraries:
0x00007ff7212a0000 - 0x00007ff7212ae000 	C:\Users\FIDELINE\Desktop\sts-4.17.2.RELEASE\plugins\org.eclipse.justj.openjdk.hotspot.jre.full.win32.x86_64_17.0.6.v20230125-1136\jre\bin\javaw.exe
0x00007ff8e90d0000 - 0x00007ff8e92c8000 	C:\WINDOWS\SYSTEM32\ntdll.dll
0x00007ff8e71c0000 - 0x00007ff8e727f000 	C:\WINDOWS\System32\KERNEL32.DLL
0x00007ff8e6b30000 - 0x00007ff8e6e02000 	C:\WINDOWS\System32\KERNELBASE.dll
0x00007ff8e6a00000 - 0x00007ff8e6b00000 	C:\WINDOWS\System32\ucrtbase.dll
0x00007ff8bedd0000 - 0x00007ff8bede7000 	C:\Users\FIDELINE\Desktop\sts-4.17.2.RELEASE\plugins\org.eclipse.justj.openjdk.hotspot.jre.full.win32.x86_64_17.0.6.v20230125-1136\jre\bin\jli.dll
0x00007ff8e83c0000 - 0x00007ff8e8561000 	C:\WINDOWS\System32\USER32.dll
0x00007ff8e69d0000 - 0x00007ff8e69f2000 	C:\WINDOWS\System32\win32u.dll
0x00007ff8e8b30000 - 0x00007ff8e8b5b000 	C:\WINDOWS\System32\GDI32.dll
0x00007ff8e67c0000 - 0x00007ff8e68cf000 	C:\WINDOWS\System32\gdi32full.dll
0x00007ff8e6fe0000 - 0x00007ff8e707d000 	C:\WINDOWS\System32\msvcp_win.dll
0x00007ff8becd0000 - 0x00007ff8bece9000 	C:\Users\FIDELINE\Desktop\sts-4.17.2.RELEASE\plugins\org.eclipse.justj.openjdk.hotspot.jre.full.win32.x86_64_17.0.6.v20230125-1136\jre\bin\VCRUNTIME140.dll
0x00007ff8d3c70000 - 0x00007ff8d3f0a000 	C:\WINDOWS\WinSxS\amd64_microsoft.windows.common-controls_6595b64144ccf1df_6.0.19041.1110_none_60b5254171f9507e\COMCTL32.dll
0x00007ff8e7280000 - 0x00007ff8e731e000 	C:\WINDOWS\System32\msvcrt.dll
0x00007ff8e8b60000 - 0x00007ff8e8b92000 	C:\WINDOWS\System32\IMM32.DLL
0x0000000070c60000 - 0x0000000070c6c000 	C:\Program Files (x86)\360\Total Security\safemon\SafeWrapper.dll
0x00007ff8e8ba0000 - 0x00007ff8e8c4e000 	C:\WINDOWS\System32\ADVAPI32.dll
0x00007ff8e8a10000 - 0x00007ff8e8aac000 	C:\WINDOWS\System32\sechost.dll
0x00007ff8e88d0000 - 0x00007ff8e89f5000 	C:\WINDOWS\System32\RPCRT4.dll
0x00007ff8b3eb0000 - 0x00007ff8b3f42000 	C:\Program Files (x86)\360\Total Security\safemon\libzdtp64.dll
0x00007ff8e73b0000 - 0x00007ff8e7af5000 	C:\WINDOWS\System32\SHELL32.dll
0x00007ff8e7c40000 - 0x00007ff8e7c95000 	C:\WINDOWS\System32\SHLWAPI.dll
0x00007ff8e6110000 - 0x00007ff8e611a000 	C:\WINDOWS\SYSTEM32\VERSION.dll
0x00007ff8de8f0000 - 0x00007ff8de8fc000 	C:\Users\FIDELINE\Desktop\sts-4.17.2.RELEASE\plugins\org.eclipse.justj.openjdk.hotspot.jre.full.win32.x86_64_17.0.6.v20230125-1136\jre\bin\vcruntime140_1.dll
0x00007ff8b3e10000 - 0x00007ff8b3ea1000 	C:\Users\FIDELINE\Desktop\sts-4.17.2.RELEASE\plugins\org.eclipse.justj.openjdk.hotspot.jre.full.win32.x86_64_17.0.6.v20230125-1136\jre\bin\msvcp140.dll
0x00007ff8b4050000 - 0x00007ff8b4c97000 	C:\Users\FIDELINE\Desktop\sts-4.17.2.RELEASE\plugins\org.eclipse.justj.openjdk.hotspot.jre.full.win32.x86_64_17.0.6.v20230125-1136\jre\bin\server\jvm.dll
0x00007ff8ce8c0000 - 0x00007ff8ce8c9000 	C:\WINDOWS\SYSTEM32\WSOCK32.dll
0x00007ff8e8ab0000 - 0x00007ff8e8b1b000 	C:\WINDOWS\System32\WS2_32.dll
0x00007ff8d8c20000 - 0x00007ff8d8c47000 	C:\WINDOWS\SYSTEM32\WINMM.dll
0x00007ff8e4530000 - 0x00007ff8e4542000 	C:\WINDOWS\SYSTEM32\kernel.appcore.dll
0x00007ff8ce4a0000 - 0x00007ff8ce4aa000 	C:\Users\FIDELINE\Desktop\sts-4.17.2.RELEASE\plugins\org.eclipse.justj.openjdk.hotspot.jre.full.win32.x86_64_17.0.6.v20230125-1136\jre\bin\jimage.dll
0x00007ff8d5040000 - 0x00007ff8d5224000 	C:\WINDOWS\SYSTEM32\DBGHELP.DLL
0x00007ff8d4e90000 - 0x00007ff8d4ec5000 	C:\WINDOWS\SYSTEM32\dbgcore.DLL
0x00007ff8e7080000 - 0x00007ff8e7102000 	C:\WINDOWS\System32\bcryptPrimitives.dll
0x00007ff8beda0000 - 0x00007ff8bedc5000 	C:\Users\FIDELINE\Desktop\sts-4.17.2.RELEASE\plugins\org.eclipse.justj.openjdk.hotspot.jre.full.win32.x86_64_17.0.6.v20230125-1136\jre\bin\java.dll

dbghelp: loaded successfully - version: 4.0.5 - missing functions: none
symbol engine: initialized successfully - sym options: 0x614 - pdb path: .;C:\Users\FIDELINE\Desktop\sts-4.17.2.RELEASE\plugins\org.eclipse.justj.openjdk.hotspot.jre.full.win32.x86_64_17.0.6.v20230125-1136\jre\bin;C:\WINDOWS\SYSTEM32;C:\WINDOWS\WinSxS\amd64_microsoft.windows.common-controls_6595b64144ccf1df_6.0.19041.1110_none_60b5254171f9507e;C:\Program Files (x86)\360\Total Security\safemon;C:\Users\FIDELINE\Desktop\sts-4.17.2.RELEASE\plugins\org.eclipse.justj.openjdk.hotspot.jre.full.win32.x86_64_17.0.6.v20230125-1136\jre\bin\server

VM Arguments:
jvm_args: -Dcom.sun.management.jmxremote -Dcom.sun.management.jmxremote.port=58979 -Dcom.sun.management.jmxremote.authenticate=false -Dcom.sun.management.jmxremote.ssl=false -Djava.rmi.server.hostname=localhost -Dspring.jmx.enabled=true -Dmanagement.endpoints.jmx.exposure.include=* -Dspring.application.admin.enabled=true -XX:TieredStopAtLevel=1 -Dspring.boot.project.name=MonPremier-3 -Dfile.encoding=UTF-8 -XX:+ShowCodeDetailsInExceptionMessages 
java_command: premier.example.projet.MonPremier3Application --spring.output.ansi.enabled=always
java_class_path (initial): C:\Users\FIDELINE\Desktop\spring-boot\Projet-seminaire\target\classes;C:\Users\FIDELINE\Desktop\sts-4.17.2.RELEASE\plugins\junit-jupiter-api_5.9.1.jar;C:\Users\FIDELINE\Desktop\sts-4.17.2.RELEASE\plugins\junit-jupiter-engine_5.9.1.jar;C:\Users\FIDELINE\Desktop\sts-4.17.2.RELEASE\plugins\junit-jupiter-migrationsupport_5.9.1.jar;C:\Users\FIDELINE\Desktop\sts-4.17.2.RELEASE\plugins\junit-jupiter-params_5.9.1.jar;C:\Users\FIDELINE\Desktop\sts-4.17.2.RELEASE\plugins\junit-platform-commons_1.9.1.jar;C:\Users\FIDELINE\Desktop\sts-4.17.2.RELEASE\plugins\junit-platform-engine_1.9.1.jar;C:\Users\FIDELINE\Desktop\sts-4.17.2.RELEASE\plugins\junit-platform-launcher_1.9.1.jar;C:\Users\FIDELINE\Desktop\sts-4.17.2.RELEASE\plugins\junit-platform-runner_1.9.1.jar;C:\Users\FIDELINE\Desktop\sts-4.17.2.RELEASE\plugins\junit-platform-suite-api_1.9.1.jar;C:\Users\FIDELINE\Desktop\sts-4.17.2.RELEASE\plugins\junit-platform-suite-engine_1.9.1.jar;C:\Users\FIDELINE\Desktop\sts-4.17.2.RELEASE\plugins\junit-platform-suite-commons_1.9.1.jar;C:\Users\FIDELINE\Desktop\sts-4.17.2.RELEASE\plugins\junit-vintage-engine_5.9.1.jar;C:\Users\FIDELINE\Desktop\sts-4.17.2.RELEASE\plugins\org.opentest4j_1.2.0.jar;C:\Users\FIDELINE\Desktop\sts-4.17.2.RELEASE\plugins\org.apiguardian.api_1.1.2.jar;C:\Users\FIDELINE\Desktop\sts-4.17.2.RELEASE\plugins\org.junit_4.13.2.v20211018-1956.jar;C:\Users\FIDELINE\Desktop\sts-4.17.2.RELEASE\plugins\org.hamcrest.core_1.3.0.v20180420-1519.jar;C:\Users\FIDELINE\Downloads\lombok.jar;C:\Users\FIDELINE\Desktop\spring-boot\Projet-seminaire\.mvn\wrapper\maven-wrapper.jar;C:\Users\FIDELINE\.m2\repository\org\springframework\boot\spring-boot-starter-data-jpa\2.3.0.RELEASE\spring-boot-starter-data-jpa-2.3.0.RELEASE.jar;C:\Users\FIDELINE\.m2\repository\org\springframework\boot\spring-boot-starter-aop\2.7.2\spring-boot-starter-aop-2.7.2.jar;C:\Users\FIDELINE\.m2\repository\org\springframework\spring-aop\5.3.22\spring-aop-5.3.22.jar;C:\Users\FIDELINE\.m2\repo
Launcher Type: SUN_STANDARD

[Global flags]
     intx CICompilerCount                          = 2                                         {product} {ergonomic}
     uint ConcGCThreads                            = 1                                         {product} {ergonomic}
     uint G1ConcRefinementThreads                  = 2                                         {product} {ergonomic}
   size_t G1HeapRegionSize                         = 1048576                                   {product} {ergonomic}
    uintx GCDrainStackTargetSize                   = 64                                        {product} {ergonomic}
   size_t InitialHeapSize                          = 125829120                                 {product} {ergonomic}
     bool ManagementServer                         = true                                      {product} {command line}
   size_t MarkStackSize                            = 4194304                                   {product} {ergonomic}
   size_t MaxHeapSize                              = 2000683008                                {product} {ergonomic}
   size_t MinHeapDeltaBytes                        = 1048576                                   {product} {ergonomic}
   size_t MinHeapSize                              = 8388608                                   {product} {ergonomic}
    uintx NonProfiledCodeHeapSize                  = 0                                      {pd product} {ergonomic}
     bool ProfileInterpreter                       = false                                  {pd product} {command line}
    uintx ProfiledCodeHeapSize                     = 0                                      {pd product} {ergonomic}
     bool ShowCodeDetailsInExceptionMessages       = true                                   {manageable} {command line}
   size_t SoftMaxHeapSize                          = 2000683008                             {manageable} {ergonomic}
     intx TieredStopAtLevel                        = 1                                         {product} {command line}
     bool UseCompressedClassPointers               = true                           {product lp64_product} {ergonomic}
     bool UseCompressedOops                        = true                           {product lp64_product} {ergonomic}
     bool UseG1GC                                  = true                                      {product} {ergonomic}
     bool UseLargePagesIndividualAllocation        = false                                  {pd product} {ergonomic}

Logging:
Log output configuration:
 #0: stdout all=warning uptime,level,tags
 #1: stderr all=off uptime,level,tags

Environment Variables:
JAVA_HOME=C:\Program Files\Java\jdk-14.0.2
PATH=C:/Users/FIDELINE/Desktop/sts-4.17.2.RELEASE//plugins/org.eclipse.justj.openjdk.hotspot.jre.full.win32.x86_64_17.0.6.v20230125-1136/jre/bin/server;C:/Users/FIDELINE/Desktop/sts-4.17.2.RELEASE//plugins/org.eclipse.justj.openjdk.hotspot.jre.full.win32.x86_64_17.0.6.v20230125-1136/jre/bin;C:\WINDOWS\system32;C:\WINDOWS;C:\WINDOWS\System32\Wbem;C:\WINDOWS\System32\WindowsPowerShell\v1.0\;C:\WINDOWS\System32\OpenSSH\;C:\Program Files\Git\cmd;C:\xampp\php;C:\ProgramData\ComposerSetup\bin;D:\applications\CodeBlocks\MinGW\bin;D:\applications\apache-maven-3.8.6-bin\apache-maven-3.8.6\bin;C:\Program Files\Java\jdk-14.0.2\bin;C:\Program Files (x86)\AMD\ATI.ACE\Core-Static;C:\ProgramData\chocolatey\bin;C:\Program Files\nodejs\;C:\Users\FIDELINE\Desktop\sts-4.17.2.RELEASE\apache-maven-3.8.6-bin\apache-maven-3.8.6\bin;C:\Program Files\MySQL\MySQL Shell 8.0\bin\;C:\Users\FIDELINE\AppData\Local\Microsoft\WindowsApps;;C:\Users\FIDELINE\AppData\Local\Programs\Microsoft VS Code\bin;C:\Program Files\Bandizip\;C:\Users\FIDELINE\AppData\Roaming\Composer\vendor\bin;C:\Users\FIDELINE\AppData\Roaming\npm;C:\Users\FIDELINE\Desktop\sts-4.17.2.RELEASE;
USERNAME=FIDELINE
OS=Windows_NT
PROCESSOR_IDENTIFIER=AMD64 Family 21 Model 112 Stepping 0, AuthenticAMD
TMP=C:\Users\FIDELINE\AppData\Local\Temp
TEMP=C:\Users\FIDELINE\AppData\Local\Temp



---------------  S Y S T E M  ---------------

OS:
 Windows 10 , 64 bit Build 19041 (10.0.19041.2546)
OS uptime: 0 days 23:56 hours

CPU: total 2 (initial active 2) (2 cores per cpu, 1 threads per core) family 21 model 112 stepping 0 microcode 0x0, cx8, cmov, fxsr, mmx, 3dnowpref, sse, sse2, sse3, ssse3, sse4a, sse4.1, sse4.2, popcnt, lzcnt, tsc, tscinvbit, avx, avx2, aes, clmul, bmi1, bmi2, fma, vzeroupper, clflush

Memory: 4k page, system-wide physical 7627M (1265M free)
TotalPageFile size 7627M (AvailPageFile size 25M)
current process WorkingSet (physical memory assigned to process): 11M, peak: 11M
current process commit charge ("private bytes"): 43M, peak: 163M

vm_info: OpenJDK 64-Bit Server VM (17.0.6+10) for windows-amd64 JRE (17.0.6+10), built on Jan 18 2023 10:08:59 by "temurin" with MS VC++ 16.7 (VS2019)

END.
